<?xml version="1.0" encoding="UTF-8"?>
<testsuite xmlns:xsi="http://www.w3.org/2001/XMLSchema-instance" xsi:noNamespaceSchemaLocation="https://maven.apache.org/surefire/maven-surefire-plugin/xsd/surefire-test-report.xsd" name="runner.TestRunner" time="95.069" tests="15" errors="0" skipped="0" failures="0">
  <properties>
[...]
</properties>
  <testcase name="Given user already login in Account Overview page" classname="Scenario: Valid user should be able to view account overview" time="0"/>
  <testcase name="When user click on Account Overview link" classname="Scenario: Valid user should be able to view account overview" time="0"/>
  <testcase name="Then user should click on logout page" classname="Scenario: Valid user should be able to view account overview" time="0"/>
  <testcase name="Scenario: Valid user should be able to view account overview" classname="Scenario: Valid user should be able to view account overview" time="0"/>
  <testcase name="Given user already in login page" classname="Scenario: Valid user should be able to login successfully" time="0"/>
  <testcase name="When user enter valid credentials" classname="Scenario: Valid user should be able to login successfully" time="0"/>
  <testcase name="Then user click on login button" classname="Scenario: Valid user should be able to login successfully" time="0"/>
  <testcase name="And user click on logout button" classname="Scenario: Valid user should be able to login successfully" time="0"/>
  <testcase name="Scenario: Valid user should be able to login successfully" classname="Scenario: Valid user should be able to login successfully" time="0"/>
  <testcase name="Given user already in Account Overview page" classname="Scenario: Valid user should be able Open New Account" time="0"/>
  <testcase name="When user click on Open New Account" classname="Scenario: Valid user should be able Open New Account" time="0"/>
  <testcase name="Then user click on type of Account drop down and select account type" classname="Scenario: Valid user should be able Open New Account" time="0"/>
  <testcase name="Then click on OPEN NEW ACCOUNT button" classname="Scenario: Valid user should be able Open New Account" time="0"/>
  <testcase name="And user click on logout page" classname="Scenario: Valid user should be able Open New Account" time="0"/>
  <testcase name="Scenario: Valid user should be able Open New Account" classname="Scenario: Valid user should be able Open New Account" time="0"/>
</testsuite>